#
# There is insufficient memory for the Java Runtime Environment to continue.
# Native memory allocation (malloc) failed to allocate 1250576 bytes for Chunk::new
# Possible reasons:
#   The system is out of physical RAM or swap space
#   The process is running with CompressedOops enabled, and the Java Heap may be blocking the growth of the native heap
# Possible solutions:
#   Reduce memory load on the system
#   Increase physical memory or swap space
#   Check if swap backing store is full
#   Decrease Java heap size (-Xmx/-Xms)
#   Decrease number of Java threads
#   Decrease Java thread stack sizes (-Xss)
#   Set larger code cache with -XX:ReservedCodeCacheSize=
#   JVM is running with Unscaled Compressed Oops mode in which the Java heap is
#     placed in the first 4GB address space. The Java Heap base address is the
#     maximum limit for the native heap growth. Please use -XX:HeapBaseMinAddress
#     to set the Java Heap base and to place the Java Heap above 4GB virtual address.
# This output file may be truncated or incomplete.
#
#  Out of Memory Error (./src/hotspot/share/memory/arena.cpp:197), pid=13004, tid=10184
#
# JRE version: OpenJDK Runtime Environment (11.0.11+9) (build 11.0.11+9-b60-7590822)
# Java VM: OpenJDK 64-Bit Server VM (11.0.11+9-b60-7590822, mixed mode, tiered, compressed oops, g1 gc, windows-amd64)
# No core dump will be written. Minidumps are not enabled by default on client versions of Windows
#

---------------  S U M M A R Y ------------

Command Line: --add-opens=java.base/java.util=ALL-UNNAMED --add-opens=java.base/java.lang=ALL-UNNAMED --add-opens=java.base/java.lang.invoke=ALL-UNNAMED --add-opens=java.base/java.util=ALL-UNNAMED --add-opens=java.prefs/java.util.prefs=ALL-UNNAMED --add-opens=java.prefs/java.util.prefs=ALL-UNNAMED --add-opens=java.base/java.nio.charset=ALL-UNNAMED --add-opens=java.base/java.net=ALL-UNNAMED --add-opens=java.base/java.util.concurrent.atomic=ALL-UNNAMED -Xmx2048m -Dfile.encoding=UTF-8 -Duser.country=RU -Duser.language=ru -Duser.variant org.gradle.launcher.daemon.bootstrap.GradleDaemon 7.2

Host: Intel(R) Core(TM) i5-4690 CPU @ 3.50GHz, 4 cores, 7G,  Windows 10 , 64 bit Build 19041 (10.0.19041.1566)
Time: Tue Mar 15 15:51:05 2022 Финляндия (зима) elapsed time: 9.752281 seconds (0d 0h 0m 9s)

---------------  T H R E A D  ---------------

Current thread (0x00000227c7b06800):  JavaThread "C2 CompilerThread1" daemon [_thread_in_native, id=10184, stack(0x000000e5dd900000,0x000000e5dda00000)]


Current CompileTask:
C2:   9752 7076       4       org.gradle.internal.instantiation.generator.AbstractClassGenerator::inspectType (560 bytes)

Stack: [0x000000e5dd900000,0x000000e5dda00000]
Native frames: (J=compiled Java code, j=interpreted, Vv=VM code, C=native code)
V  [jvm.dll+0x5f214a]
V  [jvm.dll+0x726fb5]
V  [jvm.dll+0x7285cd]
V  [jvm.dll+0x728c83]
V  [jvm.dll+0x243278]
V  [jvm.dll+0xbc53c]
V  [jvm.dll+0xbca3c]
V  [jvm.dll+0x2b5c34]
V  [jvm.dll+0x508488]
V  [jvm.dll+0x203d53]
V  [jvm.dll+0x1fdbac]
V  [jvm.dll+0x1fb35f]
V  [jvm.dll+0x183d6c]
V  [jvm.dll+0x209a57]
V  [jvm.dll+0x2082a1]
V  [jvm.dll+0x6ef58f]
V  [jvm.dll+0x6e80b5]
V  [jvm.dll+0x5f1036]
C  [ucrtbase.dll+0x21bb2]
C  [KERNEL32.DLL+0x17034]
C  [ntdll.dll+0x52651]


---------------  P R O C E S S  ---------------

Threads class SMR info:
_java_thread_list=0x00000227ca6ce7d0, length=79, elements={
0x00000227aa10c000, 0x00000227c4551800, 0x00000227c455f800, 0x00000227c456a000,
0x00000227c456b000, 0x00000227c456c000, 0x00000227c456f000, 0x00000227c3d3f000,
0x00000227c3d42800, 0x00000227c46cb000, 0x00000227c611e000, 0x00000227c60bf000,
0x00000227c57c5800, 0x00000227c6b34000, 0x00000227c5925800, 0x00000227c6f69000,
0x00000227c69ad000, 0x00000227c6e37000, 0x00000227c68a3800, 0x00000227c7648800,
0x00000227c764e000, 0x00000227c764a000, 0x00000227c764f000, 0x00000227c764b000,
0x00000227c764b800, 0x00000227c764c800, 0x00000227c764d000, 0x00000227c7649000,
0x00000227c6f1d000, 0x00000227c6f1b800, 0x00000227c6f1c800, 0x00000227c6f1e000,
0x00000227c6f1a800, 0x00000227c6f1f800, 0x00000227c6f23000, 0x00000227c6f27000,
0x00000227c6f26000, 0x00000227c6f21000, 0x00000227c6f27800, 0x00000227c6f22000,
0x00000227c6f23800, 0x00000227c6f24800, 0x00000227c6f25800, 0x00000227c6f28800,
0x00000227c6f29800, 0x00000227c4a8a800, 0x00000227c4a8b800, 0x00000227c4a8c000,
0x00000227c4a8d000, 0x00000227c4a8e000, 0x00000227c4a8e800, 0x00000227c4a8a000,
0x00000227c4a89000, 0x00000227c4a95000, 0x00000227c4a93800, 0x00000227c4a90800,
0x00000227c4a91000, 0x00000227c4a92000, 0x00000227c4a94800, 0x00000227c4a92800,
0x00000227c4a8f800, 0x00000227c4a96000, 0x00000227c4a97000, 0x00000227c4a97800,
0x00000227c855c800, 0x00000227c8561800, 0x00000227c855d800, 0x00000227c855f000,
0x00000227c855b800, 0x00000227c8563000, 0x00000227c855e000, 0x00000227c8564000,
0x00000227c8560000, 0x00000227c8565800, 0x00000227c8564800, 0x00000227c8566800,
0x00000227c8562800, 0x00000227c7b06800, 0x00000227c8560800
}

Java Threads: ( => current thread )
  0x00000227aa10c000 JavaThread "main" [_thread_blocked, id=11736, stack(0x000000e5dc800000,0x000000e5dc900000)]
  0x00000227c4551800 JavaThread "Reference Handler" daemon [_thread_blocked, id=1868, stack(0x000000e5dcf00000,0x000000e5dd000000)]
  0x00000227c455f800 JavaThread "Finalizer" daemon [_thread_blocked, id=7956, stack(0x000000e5dd000000,0x000000e5dd100000)]
  0x00000227c456a000 JavaThread "Signal Dispatcher" daemon [_thread_blocked, id=11380, stack(0x000000e5dd100000,0x000000e5dd200000)]
  0x00000227c456b000 JavaThread "Attach Listener" daemon [_thread_blocked, id=4508, stack(0x000000e5dd200000,0x000000e5dd300000)]
  0x00000227c456c000 JavaThread "Service Thread" daemon [_thread_blocked, id=9060, stack(0x000000e5dd300000,0x000000e5dd400000)]
  0x00000227c456f000 JavaThread "C2 CompilerThread0" daemon [_thread_in_native, id=11104, stack(0x000000e5dd400000,0x000000e5dd500000)]
  0x00000227c3d3f000 JavaThread "C1 CompilerThread0" daemon [_thread_blocked, id=7296, stack(0x000000e5dd500000,0x000000e5dd600000)]
  0x00000227c3d42800 JavaThread "Sweeper thread" daemon [_thread_blocked, id=1540, stack(0x000000e5dd600000,0x000000e5dd700000)]
  0x00000227c46cb000 JavaThread "Common-Cleaner" daemon [_thread_blocked, id=8988, stack(0x000000e5dd700000,0x000000e5dd800000)]
  0x00000227c611e000 JavaThread "Daemon health stats" [_thread_blocked, id=11760, stack(0x000000e5ddc00000,0x000000e5ddd00000)]
  0x00000227c60bf000 JavaThread "Incoming local TCP Connector on port 65061" [_thread_in_native, id=5760, stack(0x000000e5ddd00000,0x000000e5dde00000)]
  0x00000227c57c5800 JavaThread "Daemon periodic checks" [_thread_blocked, id=8288, stack(0x000000e5dde00000,0x000000e5ddf00000)]
  0x00000227c6b34000 JavaThread "Daemon" [_thread_blocked, id=3488, stack(0x000000e5ddf00000,0x000000e5de000000)]
  0x00000227c5925800 JavaThread "Handler for socket connection from /127.0.0.1:65061 to /127.0.0.1:65062" [_thread_in_native, id=12440, stack(0x000000e5de000000,0x000000e5de100000)]
  0x00000227c6f69000 JavaThread "Cancel handler" [_thread_blocked, id=7496, stack(0x000000e5de100000,0x000000e5de200000)]
  0x00000227c69ad000 JavaThread "Daemon worker" [_thread_in_vm, id=6268, stack(0x000000e5de200000,0x000000e5de300000)]
  0x00000227c6e37000 JavaThread "Asynchronous log dispatcher for DefaultDaemonConnection: socket connection from /127.0.0.1:65061 to /127.0.0.1:65062" [_thread_blocked, id=12796, stack(0x000000e5de300000,0x000000e5de400000)]
  0x00000227c68a3800 JavaThread "Stdin handler" [_thread_blocked, id=7968, stack(0x000000e5de400000,0x000000e5de500000)]
  0x00000227c7648800 JavaThread "Daemon client event forwarder" [_thread_blocked, id=7184, stack(0x000000e5de500000,0x000000e5de600000)]
  0x00000227c764e000 JavaThread "Cache worker for journal cache (C:\Users\Vik\.gradle\caches\journal-1)" [_thread_blocked, id=12612, stack(0x000000e5de700000,0x000000e5de800000)]
  0x00000227c764a000 JavaThread "File lock request listener" [_thread_in_native, id=10844, stack(0x000000e5de800000,0x000000e5de900000)]
  0x00000227c764f000 JavaThread "Cache worker for file hash cache (C:\Users\Vik\.gradle\caches\7.2\fileHashes)" [_thread_blocked, id=10004, stack(0x000000e5de900000,0x000000e5dea00000)]
  0x00000227c764b000 JavaThread "Cache worker for file hash cache (D:\AndroidStudioProjects\Android-2022\Android-1\Lesson-1\MyApplication3\.gradle\7.2\fileHashes)" [_thread_blocked, id=3524, stack(0x000000e5dea00000,0x000000e5deb00000)]
  0x00000227c764b800 JavaThread "File watcher server" daemon [_thread_in_native, id=12316, stack(0x000000e5deb00000,0x000000e5dec00000)]
  0x00000227c764c800 JavaThread "File watcher consumer" daemon [_thread_blocked, id=7524, stack(0x000000e5dec00000,0x000000e5ded00000)]
  0x00000227c764d000 JavaThread "Cache worker for checksums cache (D:\AndroidStudioProjects\Android-2022\Android-1\Lesson-1\MyApplication3\.gradle\checksums)" [_thread_blocked, id=12448, stack(0x000000e5ded00000,0x000000e5dee00000)]
  0x00000227c7649000 JavaThread "Cache worker for cache directory md-supplier (C:\Users\Vik\.gradle\caches\7.2\md-supplier)" [_thread_blocked, id=12484, stack(0x000000e5dee00000,0x000000e5def00000)]
  0x00000227c6f1d000 JavaThread "Cache worker for cache directory md-rule (C:\Users\Vik\.gradle\caches\7.2\md-rule)" [_thread_blocked, id=12320, stack(0x000000e5def00000,0x000000e5df000000)]
  0x00000227c6f1b800 JavaThread "Cache worker for execution history cache (C:\Users\Vik\.gradle\caches\7.2\executionHistory)" [_thread_blocked, id=12296, stack(0x000000e5df000000,0x000000e5df100000)]
  0x00000227c6f1c800 JavaThread "jar transforms" [_thread_blocked, id=11256, stack(0x000000e5df100000,0x000000e5df200000)]
  0x00000227c6f1e000 JavaThread "Cache worker for file content cache (C:\Users\Vik\.gradle\caches\7.2\fileContent)" [_thread_blocked, id=1988, stack(0x000000e5df200000,0x000000e5df300000)]
  0x00000227c6f1a800 JavaThread "jar transforms Thread 2" [_thread_blocked, id=4392, stack(0x000000e5df300000,0x000000e5df400000)]
  0x00000227c6f1f800 JavaThread "Cache worker for dependencies-accessors (D:\AndroidStudioProjects\Android-2022\Android-1\Lesson-1\MyApplication3\.gradle\7.2\dependencies-accessors)" [_thread_blocked, id=6184, stack(0x000000e5df400000,0x000000e5df500000)]
  0x00000227c6f23000 JavaThread "jar transforms Thread 3" [_thread_blocked, id=5868, stack(0x000000e5df500000,0x000000e5df600000)]
  0x00000227c6f27000 JavaThread "Cache worker for Build Output Cleanup Cache (D:\AndroidStudioProjects\Android-2022\Android-1\Lesson-1\MyApplication3\.gradle\buildOutputCleanup)" [_thread_blocked, id=12416, stack(0x000000e5df600000,0x000000e5df700000)]
  0x00000227c6f26000 JavaThread "Unconstrained build operations" [_thread_blocked, id=4616, stack(0x000000e5df700000,0x000000e5df800000)]
  0x00000227c6f21000 JavaThread "Unconstrained build operations Thread 2" [_thread_blocked, id=152, stack(0x000000e5df800000,0x000000e5df900000)]
  0x00000227c6f27800 JavaThread "Unconstrained build operations Thread 3" [_thread_blocked, id=12676, stack(0x000000e5df900000,0x000000e5dfa00000)]
  0x00000227c6f22000 JavaThread "Unconstrained build operations Thread 4" [_thread_blocked, id=2432, stack(0x000000e5dfa00000,0x000000e5dfb00000)]
  0x00000227c6f23800 JavaThread "Unconstrained build operations Thread 5" [_thread_blocked, id=5380, stack(0x000000e5dfb00000,0x000000e5dfc00000)]
  0x00000227c6f24800 JavaThread "Unconstrained build operations Thread 6" [_thread_blocked, id=7464, stack(0x000000e5dfc00000,0x000000e5dfd00000)]
  0x00000227c6f25800 JavaThread "Unconstrained build operations Thread 7" [_thread_blocked, id=12900, stack(0x000000e5dfd00000,0x000000e5dfe00000)]
  0x00000227c6f28800 JavaThread "Unconstrained build operations Thread 8" [_thread_blocked, id=11448, stack(0x000000e5dfe00000,0x000000e5dff00000)]
  0x00000227c6f29800 JavaThread "Unconstrained build operations Thread 9" [_thread_blocked, id=4024, stack(0x000000e5dff00000,0x000000e5e0000000)]
  0x00000227c4a8a800 JavaThread "Unconstrained build operations Thread 10" [_thread_blocked, id=8196, stack(0x000000e5e0000000,0x000000e5e0100000)]
  0x00000227c4a8b800 JavaThread "Unconstrained build operations Thread 11" [_thread_blocked, id=6328, stack(0x000000e5e0100000,0x000000e5e0200000)]
  0x00000227c4a8c000 JavaThread "Unconstrained build operations Thread 12" [_thread_blocked, id=2036, stack(0x000000e5e0200000,0x000000e5e0300000)]
  0x00000227c4a8d000 JavaThread "Unconstrained build operations Thread 13" [_thread_blocked, id=7272, stack(0x000000e5e0300000,0x000000e5e0400000)]
  0x00000227c4a8e000 JavaThread "Unconstrained build operations Thread 14" [_thread_blocked, id=11276, stack(0x000000e5e0400000,0x000000e5e0500000)]
  0x00000227c4a8e800 JavaThread "Unconstrained build operations Thread 15" [_thread_blocked, id=9192, stack(0x000000e5e0500000,0x000000e5e0600000)]
  0x00000227c4a8a000 JavaThread "Unconstrained build operations Thread 16" [_thread_blocked, id=3152, stack(0x000000e5e0600000,0x000000e5e0700000)]
  0x00000227c4a89000 JavaThread "Unconstrained build operations Thread 17" [_thread_blocked, id=12912, stack(0x000000e5e0700000,0x000000e5e0800000)]
  0x00000227c4a95000 JavaThread "Unconstrained build operations Thread 18" [_thread_blocked, id=1340, stack(0x000000e5e0800000,0x000000e5e0900000)]
  0x00000227c4a93800 JavaThread "Unconstrained build operations Thread 19" [_thread_blocked, id=7488, stack(0x000000e5e0900000,0x000000e5e0a00000)]
  0x00000227c4a90800 JavaThread "Unconstrained build operations Thread 20" [_thread_blocked, id=12504, stack(0x000000e5e0a00000,0x000000e5e0b00000)]
  0x00000227c4a91000 JavaThread "Unconstrained build operations Thread 21" [_thread_blocked, id=13188, stack(0x000000e5e0b00000,0x000000e5e0c00000)]
  0x00000227c4a92000 JavaThread "Unconstrained build operations Thread 22" [_thread_blocked, id=12860, stack(0x000000e5e0c00000,0x000000e5e0d00000)]
  0x00000227c4a94800 JavaThread "Unconstrained build operations Thread 23" [_thread_blocked, id=12864, stack(0x000000e5e0d00000,0x000000e5e0e00000)]
  0x00000227c4a92800 JavaThread "Unconstrained build operations Thread 24" [_thread_blocked, id=5956, stack(0x000000e5e0e00000,0x000000e5e0f00000)]
  0x00000227c4a8f800 JavaThread "Unconstrained build operations Thread 25" [_thread_blocked, id=12868, stack(0x000000e5e0f00000,0x000000e5e1000000)]
  0x00000227c4a96000 JavaThread "Unconstrained build operations Thread 26" [_thread_blocked, id=12328, stack(0x000000e5e1000000,0x000000e5e1100000)]
  0x00000227c4a97000 JavaThread "Unconstrained build operations Thread 27" [_thread_blocked, id=10932, stack(0x000000e5e1100000,0x000000e5e1200000)]
  0x00000227c4a97800 JavaThread "Unconstrained build operations Thread 28" [_thread_blocked, id=11036, stack(0x000000e5e1200000,0x000000e5e1300000)]
  0x00000227c855c800 JavaThread "Unconstrained build operations Thread 29" [_thread_blocked, id=10340, stack(0x000000e5e1300000,0x000000e5e1400000)]
  0x00000227c8561800 JavaThread "Unconstrained build operations Thread 30" [_thread_blocked, id=6092, stack(0x000000e5e1400000,0x000000e5e1500000)]
  0x00000227c855d800 JavaThread "Unconstrained build operations Thread 31" [_thread_blocked, id=804, stack(0x000000e5e1500000,0x000000e5e1600000)]
  0x00000227c855f000 JavaThread "Unconstrained build operations Thread 32" [_thread_blocked, id=12496, stack(0x000000e5e1600000,0x000000e5e1700000)]
  0x00000227c855b800 JavaThread "Unconstrained build operations Thread 33" [_thread_blocked, id=9808, stack(0x000000e5e1700000,0x000000e5e1800000)]
  0x00000227c8563000 JavaThread "Unconstrained build operations Thread 34" [_thread_blocked, id=12776, stack(0x000000e5e1800000,0x000000e5e1900000)]
  0x00000227c855e000 JavaThread "Unconstrained build operations Thread 35" [_thread_blocked, id=6836, stack(0x000000e5e1900000,0x000000e5e1a00000)]
  0x00000227c8564000 JavaThread "Unconstrained build operations Thread 36" [_thread_blocked, id=6820, stack(0x000000e5e1a00000,0x000000e5e1b00000)]
  0x00000227c8560000 JavaThread "Unconstrained build operations Thread 37" [_thread_blocked, id=9768, stack(0x000000e5e1b00000,0x000000e5e1c00000)]
  0x00000227c8565800 JavaThread "Unconstrained build operations Thread 38" [_thread_blocked, id=12888, stack(0x000000e5e1c00000,0x000000e5e1d00000)]
  0x00000227c8564800 JavaThread "Unconstrained build operations Thread 39" [_thread_blocked, id=12940, stack(0x000000e5e1d00000,0x000000e5e1e00000)]
  0x00000227c8566800 JavaThread "Unconstrained build operations Thread 40" [_thread_blocked, id=12928, stack(0x000000e5e1e00000,0x000000e5e1f00000)]
  0x00000227c8562800 JavaThread "jar transforms Thread 4" [_thread_blocked, id=6064, stack(0x000000e5e1f00000,0x000000e5e2000000)]
=>0x00000227c7b06800 JavaThread "C2 CompilerThread1" daemon [_thread_in_native, id=10184, stack(0x000000e5dd900000,0x000000e5dda00000)]
  0x00000227c8560800 JavaThread "Memory manager" [_thread_blocked, id=4808, stack(0x000000e5e2000000,0x000000e5e2100000)]

Other Threads:
  0x00000227c3ce7000 VMThread "VM Thread" [stack: 0x000000e5dce00000,0x000000e5dcf00000] [id=7456]
  0x00000227c46cc000 WatcherThread [stack: 0x000000e5dd800000,0x000000e5dd900000] [id=7436]
  0x00000227aa125000 GCTaskThread "GC Thread#0" [stack: 0x000000e5dc900000,0x000000e5dca00000] [id=10768]
  0x00000227c51df000 GCTaskThread "GC Thread#1" [stack: 0x000000e5dda00000,0x000000e5ddb00000] [id=2256]
  0x00000227c4798000 GCTaskThread "GC Thread#2" [stack: 0x000000e5ddb00000,0x000000e5ddc00000] [id=11776]
  0x00000227c5a76000 GCTaskThread "GC Thread#3" [stack: 0x000000e5de600000,0x000000e5de700000] [id=6768]
  0x00000227aa159000 ConcurrentGCThread "G1 Main Marker" [stack: 0x000000e5dca00000,0x000000e5dcb00000] [id=10628]
  0x00000227aa15b800 ConcurrentGCThread "G1 Conc#0" [stack: 0x000000e5dcb00000,0x000000e5dcc00000] [id=6080]
  0x00000227aa1ed000 ConcurrentGCThread "G1 Refine#0" [stack: 0x000000e5dcc00000,0x000000e5dcd00000] [id=12740]
  0x00000227aa1ee000 ConcurrentGCThread "G1 Young RemSet Sampling" [stack: 0x000000e5dcd00000,0x000000e5dce00000] [id=5412]

Threads with active compile tasks:
C2 CompilerThread0   9787 7165       4       org.gradle.internal.reflect.ClassInspector::inspectClass (179 bytes)
C2 CompilerThread1   9788 7076       4       org.gradle.internal.instantiation.generator.AbstractClassGenerator::inspectType (560 bytes)

VM state:not at safepoint (normal execution)

VM Mutex/Monitor currently owned by a thread: None

Heap address: 0x0000000080000000, size: 2048 MB, Compressed Oops mode: 32-bit
Narrow klass base: 0x0000000000000000, Narrow klass shift: 3
Compressed class space size: 1073741824 Address: 0x0000000100000000

Heap:
 garbage-first heap   total 189440K, used 87997K [0x0000000080000000, 0x0000000100000000)
  region size 1024K, 38 young (38912K), 5 survivors (5120K)
 Metaspace       used 72508K, capacity 74070K, committed 74352K, reserved 1114112K
  class space    used 9364K, capacity 9973K, committed 10060K, reserved 1048576K
Heap Regions: E=young(eden), S=young(survivor), O=old, HS=humongous(starts), HC=humongous(continues), CS=collection set, F=free, A=archive, TAMS=top-at-mark-start (previous, next)
|   0|0x0000000080000000, 0x0000000080100000, 0x0000000080100000|100%| O|  |TAMS 0x0000000080100000, 0x0000000080000000| Untracked 
|   1|0x0000000080100000, 0x0000000080200000, 0x0000000080200000|100%| O|  |TAMS 0x0000000080200000, 0x0000000080100000| Untracked 
|   2|0x0000000080200000, 0x0000000080300000, 0x0000000080300000|100%| O|  |TAMS 0x0000000080300000, 0x0000000080200000| Untracked 
|   3|0x0000000080300000, 0x0000000080400000, 0x0000000080400000|100%|HS|  |TAMS 0x0000000080400000, 0x0000000080300000| Complete 
|   4|0x0000000080400000, 0x0000000080500000, 0x0000000080500000|100%|HC|  |TAMS 0x0000000080500000, 0x0000000080400000| Complete 
|   5|0x0000000080500000, 0x0000000080600000, 0x0000000080600000|100%|HC|  |TAMS 0x0000000080600000, 0x0000000080500000| Complete 
|   6|0x0000000080600000, 0x0000000080700000, 0x0000000080700000|100%| O|  |TAMS 0x0000000080700000, 0x0000000080600000| Untracked 
|   7|0x0000000080700000, 0x0000000080800000, 0x0000000080800000|100%| O|  |TAMS 0x0000000080800000, 0x0000000080700000| Untracked 
|   8|0x0000000080800000, 0x0000000080900000, 0x0000000080900000|100%| O|  |TAMS 0x0000000080900000, 0x0000000080800000| Untracked 
|   9|0x0000000080900000, 0x0000000080a00000, 0x0000000080a00000|100%| O|  |TAMS 0x0000000080a00000, 0x0000000080900000| Untracked 
|  10|0x0000000080a00000, 0x0000000080b00000, 0x0000000080b00000|100%| O|  |TAMS 0x0000000080b00000, 0x0000000080a00000| Untracked 
|  11|0x0000000080b00000, 0x0000000080c00000, 0x0000000080c00000|100%| O|  |TAMS 0x0000000080c00000, 0x0000000080b00000| Untracked 
|  12|0x0000000080c00000, 0x0000000080d00000, 0x0000000080d00000|100%| O|  |TAMS 0x0000000080d00000, 0x0000000080c00000| Untracked 
|  13|0x0000000080d00000, 0x0000000080e00000, 0x0000000080e00000|100%| O|  |TAMS 0x0000000080e00000, 0x0000000080d00000| Untracked 
|  14|0x0000000080e00000, 0x0000000080f00000, 0x0000000080f00000|100%| O|  |TAMS 0x0000000080f00000, 0x0000000080e00000| Untracked 
|  15|0x0000000080f00000, 0x0000000081000000, 0x0000000081000000|100%| O|  |TAMS 0x0000000081000000, 0x0000000080f00000| Untracked 
|  16|0x0000000081000000, 0x0000000081100000, 0x0000000081100000|100%|HS|  |TAMS 0x0000000081100000, 0x0000000081000000| Complete 
|  17|0x0000000081100000, 0x0000000081200000, 0x0000000081200000|100%| O|  |TAMS 0x0000000081200000, 0x0000000081100000| Untracked 
|  18|0x0000000081200000, 0x0000000081300000, 0x0000000081300000|100%| O|  |TAMS 0x0000000081300000, 0x0000000081200000| Untracked 
|  19|0x0000000081300000, 0x0000000081400000, 0x0000000081400000|100%| O|  |TAMS 0x0000000081400000, 0x0000000081300000| Untracked 
|  20|0x0000000081400000, 0x0000000081500000, 0x0000000081500000|100%| O|  |TAMS 0x0000000081500000, 0x0000000081400000| Untracked 
|  21|0x0000000081500000, 0x0000000081600000, 0x0000000081600000|100%| O|  |TAMS 0x0000000081600000, 0x0000000081500000| Untracked 
|  22|0x0000000081600000, 0x0000000081700000, 0x0000000081700000|100%| O|  |TAMS 0x0000000081700000, 0x0000000081600000| Untracked 
|  23|0x0000000081700000, 0x0000000081800000, 0x0000000081800000|100%|HS|  |TAMS 0x0000000081800000, 0x0000000081700000| Complete 
|  24|0x0000000081800000, 0x0000000081900000, 0x0000000081900000|100%|HS|  |TAMS 0x0000000081900000, 0x0000000081800000| Complete 
|  25|0x0000000081900000, 0x0000000081a00000, 0x0000000081a00000|100%|HS|  |TAMS 0x0000000081a00000, 0x0000000081900000| Complete 
|  26|0x0000000081a00000, 0x0000000081b00000, 0x0000000081b00000|100%|HC|  |TAMS 0x0000000081b00000, 0x0000000081a00000| Complete 
|  27|0x0000000081b00000, 0x0000000081c00000, 0x0000000081c00000|100%| O|  |TAMS 0x0000000081c00000, 0x0000000081b00000| Untracked 
|  28|0x0000000081c00000, 0x0000000081d00000, 0x0000000081d00000|100%| O|  |TAMS 0x0000000081d00000, 0x0000000081c00000| Untracked 
|  29|0x0000000081d00000, 0x0000000081e00000, 0x0000000081e00000|100%| O|  |TAMS 0x0000000081e00000, 0x0000000081d00000| Untracked 
|  30|0x0000000081e00000, 0x0000000081f00000, 0x0000000081f00000|100%| O|  |TAMS 0x0000000081f00000, 0x0000000081e00000| Untracked 
|  31|0x0000000081f00000, 0x0000000082000000, 0x0000000082000000|100%| O|  |TAMS 0x0000000082000000, 0x0000000081f00000| Untracked 
|  32|0x0000000082000000, 0x0000000082100000, 0x0000000082100000|100%| O|  |TAMS 0x0000000082100000, 0x0000000082000000| Untracked 
|  33|0x0000000082100000, 0x0000000082200000, 0x0000000082200000|100%| O|  |TAMS 0x0000000082200000, 0x0000000082100000| Untracked 
|  34|0x0000000082200000, 0x0000000082300000, 0x0000000082300000|100%| O|  |TAMS 0x0000000082300000, 0x0000000082200000| Untracked 
|  35|0x0000000082300000, 0x0000000082400000, 0x0000000082400000|100%| O|  |TAMS 0x0000000082400000, 0x0000000082300000| Untracked 
|  36|0x0000000082400000, 0x0000000082500000, 0x0000000082500000|100%| O|  |TAMS 0x0000000082500000, 0x0000000082400000| Untracked 
|  37|0x0000000082500000, 0x0000000082600000, 0x0000000082600000|100%| O|  |TAMS 0x0000000082600000, 0x0000000082500000| Untracked 
|  38|0x0000000082600000, 0x0000000082700000, 0x0000000082700000|100%| O|  |TAMS 0x0000000082700000, 0x0000000082600000| Untracked 
|  39|0x0000000082700000, 0x0000000082800000, 0x0000000082800000|100%| O|  |TAMS 0x0000000082800000, 0x0000000082700000| Untracked 
|  40|0x0000000082800000, 0x0000000082900000, 0x0000000082900000|100%| O|  |TAMS 0x0000000082900000, 0x0000000082800000| Untracked 
|  41|0x0000000082900000, 0x0000000082a00000, 0x0000000082a00000|100%| O|  |TAMS 0x0000000082a00000, 0x0000000082900000| Untracked 
|  42|0x0000000082a00000, 0x0000000082b00000, 0x0000000082b00000|100%| O|  |TAMS 0x0000000082b00000, 0x0000000082a00000| Untracked 
|  43|0x0000000082b00000, 0x0000000082c00000, 0x0000000082c00000|100%| O|  |TAMS 0x0000000082b53600, 0x0000000082b00000| Untracked 
|  44|0x0000000082c00000, 0x0000000082d00000, 0x0000000082d00000|100%| O|  |TAMS 0x0000000082c00000, 0x0000000082c00000| Untracked 
|  45|0x0000000082d00000, 0x0000000082e00000, 0x0000000082e00000|100%| O|  |TAMS 0x0000000082d00000, 0x0000000082d00000| Untracked 
|  46|0x0000000082e00000, 0x0000000082f00000, 0x0000000082f00000|100%| O|  |TAMS 0x0000000082e00000, 0x0000000082e00000| Untracked 
|  47|0x0000000082f00000, 0x0000000083000000, 0x0000000083000000|100%| O|  |TAMS 0x0000000082f00000, 0x0000000082f00000| Untracked 
|  48|0x0000000083000000, 0x0000000083100000, 0x0000000083100000|100%| O|  |TAMS 0x0000000083000000, 0x0000000083000000| Untracked 
|  49|0x0000000083100000, 0x000000008311ba00, 0x0000000083200000| 10%| O|  |TAMS 0x0000000083100000, 0x0000000083100000| Untracked 
|  50|0x0000000083200000, 0x0000000083200000, 0x0000000083300000|  0%| F|  |TAMS 0x0000000083200000, 0x0000000083200000| Untracked 
|  51|0x0000000083300000, 0x0000000083300000, 0x0000000083400000|  0%| F|  |TAMS 0x0000000083300000, 0x0000000083300000| Untracked 
|  52|0x0000000083400000, 0x0000000083400000, 0x0000000083500000|  0%| F|  |TAMS 0x0000000083400000, 0x0000000083400000| Untracked 
|  53|0x0000000083500000, 0x0000000083500000, 0x0000000083600000|  0%| F|  |TAMS 0x0000000083500000, 0x0000000083500000| Untracked 
|  54|0x0000000083600000, 0x0000000083600000, 0x0000000083700000|  0%| F|  |TAMS 0x0000000083600000, 0x0000000083600000| Untracked 
|  55|0x0000000083700000, 0x0000000083700000, 0x0000000083800000|  0%| F|  |TAMS 0x0000000083700000, 0x0000000083700000| Untracked 
|  56|0x0000000083800000, 0x0000000083800000, 0x0000000083900000|  0%| F|  |TAMS 0x0000000083800000, 0x0000000083800000| Untracked 
|  57|0x0000000083900000, 0x0000000083900000, 0x0000000083a00000|  0%| F|  |TAMS 0x0000000083900000, 0x0000000083900000| Untracked 
|  58|0x0000000083a00000, 0x0000000083a00000, 0x0000000083b00000|  0%| F|  |TAMS 0x0000000083a00000, 0x0000000083a00000| Untracked 
|  59|0x0000000083b00000, 0x0000000083b00000, 0x0000000083c00000|  0%| F|  |TAMS 0x0000000083b00000, 0x0000000083b00000| Untracked 
|  60|0x0000000083c00000, 0x0000000083c00000, 0x0000000083d00000|  0%| F|  |TAMS 0x0000000083c00000, 0x0000000083c00000| Untracked 
|  61|0x0000000083d00000, 0x0000000083d00000, 0x0000000083e00000|  0%| F|  |TAMS 0x0000000083d00000, 0x0000000083d00000| Untracked 
|  62|0x0000000083e00000, 0x0000000083e00000, 0x0000000083f00000|  0%| F|  |TAMS 0x0000000083e00000, 0x0000000083e00000| Untracked 
|  63|0x0000000083f00000, 0x0000000083f00000, 0x0000000084000000|  0%| F|  |TAMS 0x0000000083f00000, 0x0000000083f00000| Untracked 
|  64|0x0000000084000000, 0x0000000084000000, 0x0000000084100000|  0%| F|  |TAMS 0x0000000084000000, 0x0000000084000000| Untracked 
|  65|0x0000000084100000, 0x0000000084100000, 0x0000000084200000|  0%| F|  |TAMS 0x0000000084100000, 0x0000000084100000| Untracked 
|  66|0x0000000084200000, 0x0000000084200000, 0x0000000084300000|  0%| F|  |TAMS 0x0000000084200000, 0x0000000084200000| Untracked 
|  67|0x0000000084300000, 0x0000000084300000, 0x0000000084400000|  0%| F|  |TAMS 0x0000000084300000, 0x0000000084300000| Untracked 
|  68|0x0000000084400000, 0x0000000084400000, 0x0000000084500000|  0%| F|  |TAMS 0x0000000084400000, 0x0000000084400000| Untracked 
|  69|0x0000000084500000, 0x0000000084500000, 0x0000000084600000|  0%| F|  |TAMS 0x0000000084500000, 0x0000000084500000| Untracked 
|  70|0x0000000084600000, 0x0000000084600000, 0x0000000084700000|  0%| F|  |TAMS 0x0000000084600000, 0x0000000084600000| Untracked 
|  71|0x0000000084700000, 0x0000000084700000, 0x0000000084800000|  0%| F|  |TAMS 0x0000000084700000, 0x0000000084700000| Untracked 
|  72|0x0000000084800000, 0x0000000084800000, 0x0000000084900000|  0%| F|  |TAMS 0x0000000084800000, 0x0000000084800000| Untracked 
|  73|0x0000000084900000, 0x0000000084900000, 0x0000000084a00000|  0%| F|  |TAMS 0x0000000084900000, 0x0000000084900000| Untracked 
|  74|0x0000000084a00000, 0x0000000084a00000, 0x0000000084b00000|  0%| F|  |TAMS 0x0000000084a00000, 0x0000000084a00000| Untracked 
|  75|0x0000000084b00000, 0x0000000084b00000, 0x0000000084c00000|  0%| F|  |TAMS 0x0000000084b00000, 0x0000000084b00000| Untracked 
|  76|0x0000000084c00000, 0x0000000084c00000, 0x0000000084d00000|  0%| F|  |TAMS 0x0000000084c00000, 0x0000000084c00000| Untracked 
|  77|0x0000000084d00000, 0x0000000084d00000, 0x0000000084e00000|  0%| F|  |TAMS 0x0000000084d00000, 0x0000000084d00000| Untracked 
|  78|0x0000000084e00000, 0x0000000084e00000, 0x0000000084f00000|  0%| F|  |TAMS 0x0000000084e00000, 0x0000000084e00000| Untracked 
|  79|0x0000000084f00000, 0x0000000084f00000, 0x0000000085000000|  0%| F|  |TAMS 0x0000000084f00000, 0x0000000084f00000| Untracked 
|  80|0x0000000085000000, 0x0000000085000000, 0x0000000085100000|  0%| F|  |TAMS 0x0000000085000000, 0x0000000085000000| Untracked 
|  81|0x0000000085100000, 0x0000000085100000, 0x0000000085200000|  0%| F|  |TAMS 0x0000000085100000, 0x0000000085100000| Untracked 
|  82|0x0000000085200000, 0x0000000085200000, 0x0000000085300000|  0%| F|  |TAMS 0x0000000085200000, 0x0000000085200000| Untracked 
|  83|0x0000000085300000, 0x0000000085300000, 0x0000000085400000|  0%| F|  |TAMS 0x0000000085300000, 0x0000000085300000| Untracked 
|  84|0x0000000085400000, 0x0000000085400000, 0x0000000085500000|  0%| F|  |TAMS 0x0000000085400000, 0x0000000085400000| Untracked 
|  85|0x0000000085500000, 0x0000000085500000, 0x0000000085600000|  0%| F|  |TAMS 0x0000000085500000, 0x0000000085500000| Untracked 
|  86|0x0000000085600000, 0x0000000085600000, 0x0000000085700000|  0%| F|  |TAMS 0x0000000085600000, 0x0000000085600000| Untracked 
|  87|0x0000000085700000, 0x0000000085700000, 0x0000000085800000|  0%| F|  |TAMS 0x0000000085700000, 0x0000000085700000| Untracked 
|  88|0x0000000085800000, 0x0000000085800000, 0x0000000085900000|  0%| F|  |TAMS 0x0000000085800000, 0x0000000085800000| Untracked 
|  89|0x0000000085900000, 0x0000000085900000, 0x0000000085a00000|  0%| F|  |TAMS 0x0000000085900000, 0x0000000085900000| Untracked 
|  90|0x0000000085a00000, 0x0000000085a00000, 0x0000000085b00000|  0%| F|  |TAMS 0x0000000085a00000, 0x0000000085a00000| Untracked 
|  91|0x0000000085b00000, 0x0000000085b00000, 0x0000000085c00000|  0%| F|  |TAMS 0x0000000085b00000, 0x0000000085b00000| Untracked 
|  92|0x0000000085c00000, 0x0000000085c00000, 0x0000000085d00000|  0%| F|  |TAMS 0x0000000085c00000, 0x0000000085c00000| Untracked 
|  93|0x0000000085d00000, 0x0000000085d00000, 0x0000000085e00000|  0%| F|  |TAMS 0x0000000085d00000, 0x0000000085d00000| Untracked 
|  94|0x0000000085e00000, 0x0000000085e00000, 0x0000000085f00000|  0%| F|  |TAMS 0x0000000085e00000, 0x0000000085e00000| Untracked 
|  95|0x0000000085f00000, 0x0000000085f00000, 0x0000000086000000|  0%| F|  |TAMS 0x0000000085f00000, 0x0000000085f00000| Untracked 
|  96|0x0000000086000000, 0x0000000086000000, 0x0000000086100000|  0%| F|  |TAMS 0x0000000086000000, 0x0000000086000000| Untracked 
|  97|0x0000000086100000, 0x0000000086100000, 0x0000000086200000|  0%| F|  |TAMS 0x0000000086100000, 0x0000000086100000| Untracked 
|  98|0x0000000086200000, 0x0000000086200000, 0x0000000086300000|  0%| F|  |TAMS 0x0000000086200000, 0x0000000086200000| Untracked 
|  99|0x0000000086300000, 0x0000000086300000, 0x0000000086400000|  0%| F|  |TAMS 0x0000000086300000, 0x0000000086300000| Untracked 
| 100|0x0000000086400000, 0x0000000086400000, 0x0000000086500000|  0%| F|  |TAMS 0x0000000086400000, 0x0000000086400000| Untracked 
| 101|0x0000000086500000, 0x0000000086500000, 0x0000000086600000|  0%| F|  |TAMS 0x0000000086500000, 0x0000000086500000| Untracked 
| 102|0x0000000086600000, 0x0000000086600000, 0x0000000086700000|  0%| F|  |TAMS 0x0000000086600000, 0x0000000086600000| Untracked 
| 103|0x0000000086700000, 0x0000000086700000, 0x0000000086800000|  0%| F|  |TAMS 0x0000000086700000, 0x0000000086700000| Untracked 
| 104|0x0000000086800000, 0x0000000086800000, 0x0000000086900000|  0%| F|  |TAMS 0x0000000086800000, 0x0000000086800000| Untracked 
| 105|0x0000000086900000, 0x0000000086900000, 0x0000000086a00000|  0%| F|  |TAMS 0x0000000086900000, 0x0000000086900000| Untracked 
| 106|0x0000000086a00000, 0x0000000086a00000, 0x0000000086b00000|  0%| F|  |TAMS 0x0000000086a00000, 0x0000000086a00000| Untracked 
| 107|0x0000000086b00000, 0x0000000086b00000, 0x0000000086c00000|  0%| F|  |TAMS 0x0000000086b00000, 0x0000000086b00000| Untracked 
| 108|0x0000000086c00000, 0x0000000086c00000, 0x0000000086d00000|  0%| F|  |TAMS 0x0000000086c00000, 0x0000000086c00000| Untracked 
| 109|0x0000000086d00000, 0x0000000086d00000, 0x0000000086e00000|  0%| F|  |TAMS 0x0000000086d00000, 0x0000000086d00000| Untracked 
| 110|0x0000000086e00000, 0x0000000086ed3b90, 0x0000000086f00000| 82%| S|CS|TAMS 0x0000000086e00000, 0x0000000086e00000| Complete 
| 111|0x0000000086f00000, 0x0000000087000000, 0x0000000087000000|100%| S|CS|TAMS 0x0000000086f00000, 0x0000000086f00000| Complete 
| 112|0x0000000087000000, 0x0000000087100000, 0x0000000087100000|100%| S|CS|TAMS 0x0000000087000000, 0x0000000087000000| Complete 
| 113|0x0000000087100000, 0x0000000087200000, 0x0000000087200000|100%| S|CS|TAMS 0x0000000087100000, 0x0000000087100000| Complete 
| 114|0x0000000087200000, 0x0000000087300000, 0x0000000087300000|100%| S|CS|TAMS 0x0000000087200000, 0x0000000087200000| Complete 
| 115|0x0000000087300000, 0x0000000087300000, 0x0000000087400000|  0%| F|  |TAMS 0x0000000087300000, 0x0000000087300000| Untracked 
| 116|0x0000000087400000, 0x0000000087400000, 0x0000000087500000|  0%| F|  |TAMS 0x0000000087400000, 0x0000000087400000| Untracked 
| 117|0x0000000087500000, 0x0000000087500000, 0x0000000087600000|  0%| F|  |TAMS 0x0000000087500000, 0x0000000087500000| Untracked 
| 118|0x0000000087600000, 0x0000000087600000, 0x0000000087700000|  0%| F|  |TAMS 0x0000000087600000, 0x0000000087600000| Untracked 
| 119|0x0000000087700000, 0x0000000087700000, 0x0000000087800000|  0%| F|  |TAMS 0x0000000087700000, 0x0000000087700000| Untracked 
| 120|0x0000000087800000, 0x0000000087800000, 0x0000000087900000|  0%| F|  |TAMS 0x0000000087800000, 0x0000000087800000| Untracked 
| 121|0x0000000087900000, 0x0000000087900000, 0x0000000087a00000|  0%| F|  |TAMS 0x0000000087900000, 0x0000000087900000| Untracked 
| 122|0x0000000087a00000, 0x0000000087a00000, 0x0000000087b00000|  0%| F|  |TAMS 0x0000000087a00000, 0x0000000087a00000| Untracked 
| 123|0x0000000087b00000, 0x0000000087b00000, 0x0000000087c00000|  0%| F|  |TAMS 0x0000000087b00000, 0x0000000087b00000| Untracked 
| 124|0x0000000087c00000, 0x0000000087c00000, 0x0000000087d00000|  0%| F|  |TAMS 0x0000000087c00000, 0x0000000087c00000| Untracked 
| 125|0x0000000087d00000, 0x0000000087d00000, 0x0000000087e00000|  0%| F|  |TAMS 0x0000000087d00000, 0x0000000087d00000| Untracked 
| 126|0x0000000087e00000, 0x0000000087e00000, 0x0000000087f00000|  0%| F|  |TAMS 0x0000000087e00000, 0x0000000087e00000| Untracked 
| 127|0x0000000087f00000, 0x0000000087f00000, 0x0000000088000000|  0%| F|  |TAMS 0x0000000087f00000, 0x0000000087f00000| Untracked 
| 128|0x0000000088000000, 0x0000000088000000, 0x0000000088100000|  0%| F|  |TAMS 0x0000000088000000, 0x0000000088000000| Untracked 
| 129|0x0000000088100000, 0x0000000088100000, 0x0000000088200000|  0%| F|  |TAMS 0x0000000088100000, 0x0000000088100000| Untracked 
| 130|0x0000000088200000, 0x0000000088200000, 0x0000000088300000|  0%| F|  |TAMS 0x0000000088200000, 0x0000000088200000| Untracked 
| 131|0x0000000088300000, 0x0000000088300000, 0x0000000088400000|  0%| F|  |TAMS 0x0000000088300000, 0x0000000088300000| Untracked 
| 132|0x0000000088400000, 0x0000000088400000, 0x0000000088500000|  0%| F|  |TAMS 0x0000000088400000, 0x0000000088400000| Untracked 
| 133|0x0000000088500000, 0x0000000088500000, 0x0000000088600000|  0%| F|  |TAMS 0x0000000088500000, 0x0000000088500000| Untracked 
| 134|0x0000000088600000, 0x0000000088600000, 0x0000000088700000|  0%| F|  |TAMS 0x0000000088600000, 0x0000000088600000| Untracked 
| 135|0x0000000088700000, 0x0000000088700000, 0x0000000088800000|  0%| F|  |TAMS 0x0000000088700000, 0x0000000088700000| Untracked 
| 136|0x0000000088800000, 0x0000000088800000, 0x0000000088900000|  0%| F|  |TAMS 0x0000000088800000, 0x0000000088800000| Untracked 
| 137|0x0000000088900000, 0x0000000088900000, 0x0000000088a00000|  0%| F|  |TAMS 0x0000000088900000, 0x0000000088900000| Untracked 
| 138|0x0000000088a00000, 0x0000000088a00000, 0x0000000088b00000|  0%| F|  |TAMS 0x0000000088a00000, 0x0000000088a00000| Untracked 
| 139|0x0000000088b00000, 0x0000000088b00000, 0x0000000088c00000|  0%| F|  |TAMS 0x0000000088b00000, 0x0000000088b00000| Untracked 
| 140|0x0000000088c00000, 0x0000000088c00000, 0x0000000088d00000|  0%| F|  |TAMS 0x0000000088c00000, 0x0000000088c00000| Untracked 
| 141|0x0000000088d00000, 0x0000000088d00000, 0x0000000088e00000|  0%| F|  |TAMS 0x0000000088d00000, 0x0000000088d00000| Untracked 
| 142|0x0000000088e00000, 0x0000000088e00000, 0x0000000088f00000|  0%| F|  |TAMS 0x0000000088e00000, 0x0000000088e00000| Untracked 
| 143|0x0000000088f00000, 0x0000000088f00000, 0x0000000089000000|  0%| F|  |TAMS 0x0000000088f00000, 0x0000000088f00000| Untracked 
| 144|0x0000000089000000, 0x0000000089000000, 0x0000000089100000|  0%| F|  |TAMS 0x0000000089000000, 0x0000000089000000| Untracked 
| 145|0x0000000089100000, 0x0000000089100000, 0x0000000089200000|  0%| F|  |TAMS 0x0000000089100000, 0x0000000089100000| Untracked 
| 146|0x0000000089200000, 0x0000000089200000, 0x0000000089300000|  0%| F|  |TAMS 0x0000000089200000, 0x0000000089200000| Untracked 
| 147|0x0000000089300000, 0x0000000089300000, 0x0000000089400000|  0%| F|  |TAMS 0x0000000089300000, 0x0000000089300000| Untracked 
| 148|0x0000000089400000, 0x0000000089400000, 0x0000000089500000|  0%| F|  |TAMS 0x0000000089400000, 0x0000000089400000| Untracked 
| 149|0x0000000089500000, 0x0000000089500000, 0x0000000089600000|  0%| F|  |TAMS 0x0000000089500000, 0x0000000089500000| Untracked 
| 150|0x0000000089600000, 0x0000000089600000, 0x0000000089700000|  0%| F|  |TAMS 0x0000000089600000, 0x0000000089600000| Untracked 
| 151|0x0000000089700000, 0x0000000089780800, 0x0000000089800000| 50%| E|  |TAMS 0x0000000089700000, 0x0000000089700000| Complete 
| 152|0x0000000089800000, 0x0000000089900000, 0x0000000089900000|100%| E|CS|TAMS 0x0000000089800000, 0x0000000089800000| Complete 
| 153|0x0000000089900000, 0x0000000089a00000, 0x0000000089a00000|100%| E|CS|TAMS 0x0000000089900000, 0x0000000089900000| Complete 
| 154|0x0000000089a00000, 0x0000000089b00000, 0x0000000089b00000|100%| E|CS|TAMS 0x0000000089a00000, 0x0000000089a00000| Complete 
| 155|0x0000000089b00000, 0x0000000089c00000, 0x0000000089c00000|100%| E|CS|TAMS 0x0000000089b00000, 0x0000000089b00000| Complete 
| 156|0x0000000089c00000, 0x0000000089d00000, 0x0000000089d00000|100%| E|CS|TAMS 0x0000000089c00000, 0x0000000089c00000| Complete 
| 157|0x0000000089d00000, 0x0000000089e00000, 0x0000000089e00000|100%| E|CS|TAMS 0x0000000089d00000, 0x0000000089d00000| Complete 
| 158|0x0000000089e00000, 0x0000000089f00000, 0x0000000089f00000|100%| E|CS|TAMS 0x0000000089e00000, 0x0000000089e00000| Complete 
| 159|0x0000000089f00000, 0x000000008a000000, 0x000000008a000000|100%| E|CS|TAMS 0x0000000089f00000, 0x0000000089f00000| Complete 
| 160|0x000000008a000000, 0x000000008a100000, 0x000000008a100000|100%| E|CS|TAMS 0x000000008a000000, 0x000000008a000000| Complete 
| 161|0x000000008a100000, 0x000000008a200000, 0x000000008a200000|100%| E|CS|TAMS 0x000000008a100000, 0x000000008a100000| Complete 
| 162|0x000000008a200000, 0x000000008a300000, 0x000000008a300000|100%| E|CS|TAMS 0x000000008a200000, 0x000000008a200000| Complete 
| 163|0x000000008a300000, 0x000000008a400000, 0x000000008a400000|100%| E|CS|TAMS 0x000000008a300000, 0x000000008a300000| Complete 
| 164|0x000000008a400000, 0x000000008a500000, 0x000000008a500000|100%| E|CS|TAMS 0x000000008a400000, 0x000000008a400000| Complete 
| 165|0x000000008a500000, 0x000000008a600000, 0x000000008a600000|100%| E|CS|TAMS 0x000000008a500000, 0x000000008a500000| Complete 
| 166|0x000000008a600000, 0x000000008a700000, 0x000000008a700000|100%| E|CS|TAMS 0x000000008a600000, 0x000000008a600000| Complete 
| 167|0x000000008a700000, 0x000000008a800000, 0x000000008a800000|100%| E|CS|TAMS 0x000000008a700000, 0x000000008a700000| Complete 
| 168|0x000000008a800000, 0x000000008a900000, 0x000000008a900000|100%| E|CS|TAMS 0x000000008a800000, 0x000000008a800000| Complete 
| 169|0x000000008a900000, 0x000000008aa00000, 0x000000008aa00000|100%| E|CS|TAMS 0x000000008a900000, 0x000000008a900000| Complete 
| 170|0x000000008aa00000, 0x000000008ab00000, 0x000000008ab00000|100%| E|CS|TAMS 0x000000008aa00000, 0x000000008aa00000| Complete 
| 171|0x000000008ab00000, 0x000000008ac00000, 0x000000008ac00000|100%| E|CS|TAMS 0x000000008ab00000, 0x000000008ab00000| Complete 
| 172|0x000000008ac00000, 0x000000008ad00000, 0x000000008ad00000|100%| E|CS|TAMS 0x000000008ac00000, 0x000000008ac00000| Complete 
| 173|0x000000008ad00000, 0x000000008ae00000, 0x000000008ae00000|100%| E|CS|TAMS 0x000000008ad00000, 0x000000008ad00000| Complete 
| 174|0x000000008ae00000, 0x000000008af00000, 0x000000008af00000|100%| E|CS|TAMS 0x000000008ae00000, 0x000000008ae00000| Complete 
| 175|0x000000008af00000, 0x000000008b000000, 0x000000008b000000|100%| E|CS|TAMS 0x000000008af00000, 0x000000008af00000| Complete 
| 176|0x000000008b000000, 0x000000008b100000, 0x000000008b100000|100%| E|CS|TAMS 0x000000008b000000, 0x000000008b000000| Complete 
| 177|0x000000008b100000, 0x000000008b200000, 0x000000008b200000|100%| E|CS|TAMS 0x000000008b100000, 0x000000008b100000| Complete 
| 178|0x000000008b200000, 0x000000008b300000, 0x000000008b300000|100%| E|CS|TAMS 0x000000008b200000, 0x000000008b200000| Complete 
| 179|0x000000008b300000, 0x000000008b400000, 0x000000008b400000|100%| E|CS|TAMS 0x000000008b300000, 0x000000008b300000| Complete 
| 180|0x000000008b400000, 0x000000008b500000, 0x000000008b500000|100%| E|CS|TAMS 0x000000008b400000, 0x000000008b400000| Complete 
| 181|0x000000008b500000, 0x000000008b600000, 0x000000008b600000|100%| E|CS|TAMS 0x000000008b500000, 0x000000008b500000| Complete 
| 182|0x000000008b600000, 0x000000008b700000, 0x000000008b700000|100%| E|CS|TAMS 0x000000008b600000, 0x000000008b600000| Complete 
| 183|0x000000008b700000, 0x000000008b800000, 0x000000008b800000|100%| E|CS|TAMS 0x000000008b700000, 0x000000008b700000| Complete 
| 184|0x000000008b800000, 0x000000008b900000, 0x000000008b900000|100%| E|CS|TAMS 0x000000008b800000, 0x000000008b800000| Complete 

Card table byte_map: [0x00000227bd010000,0x00000227bd410000] _byte_map_base: 0x00000227bcc10000

Marking Bits (Prev, Next): (CMBitMap*) 0x00000227aa150478, (CMBitMap*) 0x00000227aa1504b0
 Prev Bits: [0x00000227bd810000, 0x00000227bf810000)
 Next Bits: [0x00000227bf810000, 0x00000227c1810000)

Polling page: 0x00000227a8030000

Metaspace:

Usage:
  Non-class:     62.59 MB capacity,    61.67 MB ( 99%) used,   767.31 KB (  1%) free+waste,   178.06 KB ( <1%) overhead. 
      Class:      9.74 MB capacity,     9.15 MB ( 94%) used,   523.47 KB (  5%) free+waste,    82.88 KB ( <1%) overhead. 
       Both:     72.33 MB capacity,    70.82 MB ( 98%) used,     1.26 MB (  2%) free+waste,   260.94 KB ( <1%) overhead. 

Virtual space:
  Non-class space:       64.00 MB reserved,      62.79 MB ( 98%) committed 
      Class space:        1.00 GB reserved,       9.82 MB ( <1%) committed 
             Both:        1.06 GB reserved,      72.61 MB (  7%) committed 

Chunk freelists:
   Non-Class:  3.00 KB
       Class:  11.00 KB
        Both:  14.00 KB

MaxMetaspaceSize: 17179869184.00 GB
CompressedClassSpaceSize: 1.00 GB

CodeHeap 'non-profiled nmethods': size=120064Kb used=4478Kb max_used=4478Kb free=115585Kb
 bounds [0x00000227b56d0000, 0x00000227b5b30000, 0x00000227bcc10000]
CodeHeap 'profiled nmethods': size=120000Kb used=15438Kb max_used=15438Kb free=104561Kb
 bounds [0x00000227ae1a0000, 0x00000227af0c0000, 0x00000227b56d0000]
CodeHeap 'non-nmethods': size=5696Kb used=2271Kb max_used=2363Kb free=3424Kb
 bounds [0x00000227adc10000, 0x00000227ade80000, 0x00000227ae1a0000]
 total_blobs=8018 nmethods=7154 adapters=774
 compilation: enabled
              stopped_count=0, restarted_count=0
 full_count=0

Compilation events (20 events):
Event: 9.739 Thread 0x00000227c3d3f000 7149       3       com.google.common.collect.AbstractMapBasedMultimap$KeySet::iterator (25 bytes)
Event: 9.740 Thread 0x00000227c3d3f000 nmethod 7149 0x00000227af0a8590 code [0x00000227af0a8780, 0x00000227af0a8c58]
Event: 9.740 Thread 0x00000227c3d3f000 7150       3       com.google.common.collect.AbstractMapBasedMultimap$KeySet$1::<init> (15 bytes)
Event: 9.740 Thread 0x00000227c456f000 7152       4       java.beans.Introspector::decapitalize (68 bytes)
Event: 9.740 Thread 0x00000227c3d3f000 nmethod 7150 0x00000227af0a8e10 code [0x00000227af0a8fc0, 0x00000227af0a91d8]
Event: 9.740 Thread 0x00000227c3d3f000 7148       3       com.google.common.collect.AbstractListMultimap::put (7 bytes)
Event: 9.740 Thread 0x00000227c3d3f000 nmethod 7148 0x00000227af0a9290 code [0x00000227af0a9440, 0x00000227af0a9568]
Event: 9.740 Thread 0x00000227c3d3f000 7147       3       org.gradle.internal.reflect.annotations.impl.DefaultTypeAnnotationMetadataStore::shouldIgnore (30 bytes)
Event: 9.740 Thread 0x00000227c3d3f000 nmethod 7147 0x00000227af0a9610 code [0x00000227af0a9840, 0x00000227af0a9fd8]
Event: 9.740 Thread 0x00000227c3d3f000 7153       3       sun.reflect.generics.tree.Wildcard::make (10 bytes)
Event: 9.740 Thread 0x00000227c3d3f000 nmethod 7153 0x00000227af0aa210 code [0x00000227af0aa3e0, 0x00000227af0aa698]
Event: 9.740 Thread 0x00000227c3d3f000 7154       3       sun.reflect.generics.tree.Wildcard::<init> (15 bytes)
Event: 9.740 Thread 0x00000227c3d3f000 nmethod 7154 0x00000227af0aa790 code [0x00000227af0aa940, 0x00000227af0aab58]
Event: 9.745 Thread 0x00000227c3d3f000 7155 %     3       java.io.WinNTFileSystem::normalize @ 22 (143 bytes)
Event: 9.746 Thread 0x00000227c3d3f000 nmethod 7155% 0x00000227af0aac10 code [0x00000227af0aaea0, 0x00000227af0abb78]
Event: 9.746 Thread 0x00000227c3d3f000 7156       3       com.android.build.api.artifact.impl.SinglePropertyAdapter::set (17 bytes)
Event: 9.747 Thread 0x00000227c3d3f000 nmethod 7156 0x00000227af0ac090 code [0x00000227af0ac2c0, 0x00000227af0ac908]
Event: 9.749 Thread 0x00000227c456f000 nmethod 7152 0x00000227b5b2d710 code [0x00000227b5b2d900, 0x00000227b5b2e258]
Event: 9.749 Thread 0x00000227c456f000 7157       4       org.gradle.internal.reflect.MutableClassDetails::property (41 bytes)
Event: 9.750 Thread 0x00000227c3d3f000 7159       3       org.gradle.internal.instantiation.generator.AsmBackedClassGenerator$ClassInspectionVisitorImpl::markPropertyAsIneligibleForConventionMapping (12 bytes)

GC Heap History (20 events):
Event: 1.667 GC heap before
{Heap before GC invocations=3 (full 0):
 garbage-first heap   total 131072K, used 60309K [0x0000000080000000, 0x0000000100000000)
  region size 1024K, 51 young (52224K), 4 survivors (4096K)
 Metaspace       used 18276K, capacity 18743K, committed 19072K, reserved 1067008K
  class space    used 2183K, capacity 2319K, committed 2432K, reserved 1048576K
}
Event: 1.673 GC heap after
{Heap after GC invocations=4 (full 0):
 garbage-first heap   total 131072K, used 16063K [0x0000000080000000, 0x0000000100000000)
  region size 1024K, 7 young (7168K), 7 survivors (7168K)
 Metaspace       used 18276K, capacity 18743K, committed 19072K, reserved 1067008K
  class space    used 2183K, capacity 2319K, committed 2432K, reserved 1048576K
}
Event: 1.857 GC heap before
{Heap before GC invocations=4 (full 0):
 garbage-first heap   total 131072K, used 34495K [0x0000000080000000, 0x0000000100000000)
  region size 1024K, 27 young (27648K), 7 survivors (7168K)
 Metaspace       used 20641K, capacity 21108K, committed 21296K, reserved 1069056K
  class space    used 2533K, capacity 2660K, committed 2688K, reserved 1048576K
}
Event: 1.865 GC heap after
{Heap after GC invocations=5 (full 0):
 garbage-first heap   total 157696K, used 17092K [0x0000000080000000, 0x0000000100000000)
  region size 1024K, 6 young (6144K), 6 survivors (6144K)
 Metaspace       used 20641K, capacity 21108K, committed 21296K, reserved 1069056K
  class space    used 2533K, capacity 2660K, committed 2688K, reserved 1048576K
}
Event: 2.437 GC heap before
{Heap before GC invocations=6 (full 0):
 garbage-first heap   total 157696K, used 71364K [0x0000000080000000, 0x0000000100000000)
  region size 1024K, 59 young (60416K), 6 survivors (6144K)
 Metaspace       used 26152K, capacity 26771K, committed 26928K, reserved 1073152K
  class space    used 3421K, capacity 3618K, committed 3712K, reserved 1048576K
}
Event: 2.445 GC heap after
{Heap after GC invocations=7 (full 0):
 garbage-first heap   total 157696K, used 19383K [0x0000000080000000, 0x0000000100000000)
  region size 1024K, 3 young (3072K), 3 survivors (3072K)
 Metaspace       used 26152K, capacity 26771K, committed 26928K, reserved 1073152K
  class space    used 3421K, capacity 3618K, committed 3712K, reserved 1048576K
}
Event: 3.149 GC heap before
{Heap before GC invocations=7 (full 0):
 garbage-first heap   total 157696K, used 74679K [0x0000000080000000, 0x0000000100000000)
  region size 1024K, 58 young (59392K), 3 survivors (3072K)
 Metaspace       used 34886K, capacity 35652K, committed 35708K, reserved 1081344K
  class space    used 4536K, capacity 4861K, committed 4864K, reserved 1048576K
}
Event: 3.156 GC heap after
{Heap after GC invocations=8 (full 0):
 garbage-first heap   total 157696K, used 22757K [0x0000000080000000, 0x0000000100000000)
  region size 1024K, 7 young (7168K), 7 survivors (7168K)
 Metaspace       used 34886K, capacity 35652K, committed 35708K, reserved 1081344K
  class space    used 4536K, capacity 4861K, committed 4864K, reserved 1048576K
}
Event: 3.833 GC heap before
{Heap before GC invocations=9 (full 0):
 garbage-first heap   total 157696K, used 90341K [0x0000000080000000, 0x0000000100000000)
  region size 1024K, 72 young (73728K), 7 survivors (7168K)
 Metaspace       used 39928K, capacity 40851K, committed 40956K, reserved 1085440K
  class space    used 5101K, capacity 5437K, committed 5504K, reserved 1048576K
}
Event: 3.841 GC heap after
{Heap after GC invocations=10 (full 0):
 garbage-first heap   total 157696K, used 27732K [0x0000000080000000, 0x0000000100000000)
  region size 1024K, 9 young (9216K), 9 survivors (9216K)
 Metaspace       used 39928K, capacity 40851K, committed 40956K, reserved 1085440K
  class space    used 5101K, capacity 5437K, committed 5504K, reserved 1048576K
}
Event: 4.954 GC heap before
{Heap before GC invocations=10 (full 0):
 garbage-first heap   total 157696K, used 106580K [0x0000000080000000, 0x0000000100000000)
  region size 1024K, 85 young (87040K), 9 survivors (9216K)
 Metaspace       used 46766K, capacity 47929K, committed 48124K, reserved 1091584K
  class space    used 6019K, capacity 6468K, committed 6528K, reserved 1048576K
}
Event: 4.964 GC heap after
{Heap after GC invocations=11 (full 0):
 garbage-first heap   total 189440K, used 30375K [0x0000000080000000, 0x0000000100000000)
  region size 1024K, 8 young (8192K), 8 survivors (8192K)
 Metaspace       used 46766K, capacity 47929K, committed 48124K, reserved 1091584K
  class space    used 6019K, capacity 6468K, committed 6528K, reserved 1048576K
}
Event: 6.999 GC heap before
{Heap before GC invocations=11 (full 0):
 garbage-first heap   total 189440K, used 139943K [0x0000000080000000, 0x0000000100000000)
  region size 1024K, 111 young (113664K), 8 survivors (8192K)
 Metaspace       used 56473K, capacity 57850K, committed 57980K, reserved 1099776K
  class space    used 7130K, capacity 7624K, committed 7680K, reserved 1048576K
}
Event: 7.010 GC heap after
{Heap after GC invocations=12 (full 0):
 garbage-first heap   total 189440K, used 44032K [0x0000000080000000, 0x0000000100000000)
  region size 1024K, 14 young (14336K), 14 survivors (14336K)
 Metaspace       used 56473K, capacity 57850K, committed 57980K, reserved 1099776K
  class space    used 7130K, capacity 7624K, committed 7680K, reserved 1048576K
}
Event: 7.253 GC heap before
{Heap before GC invocations=12 (full 0):
 garbage-first heap   total 189440K, used 60416K [0x0000000080000000, 0x0000000100000000)
  region size 1024K, 31 young (31744K), 14 survivors (14336K)
 Metaspace       used 58552K, capacity 59828K, committed 59940K, reserved 1101824K
  class space    used 7398K, capacity 7916K, committed 7936K, reserved 1048576K
}
Event: 7.270 GC heap after
{Heap after GC invocations=13 (full 0):
 garbage-first heap   total 189440K, used 46413K [0x0000000080000000, 0x0000000100000000)
  region size 1024K, 2 young (2048K), 2 survivors (2048K)
 Metaspace       used 58552K, capacity 59828K, committed 59940K, reserved 1101824K
  class space    used 7398K, capacity 7916K, committed 7936K, reserved 1048576K
}
Event: 8.053 GC heap before
{Heap before GC invocations=14 (full 0):
 garbage-first heap   total 189440K, used 108877K [0x0000000080000000, 0x0000000100000000)
  region size 1024K, 63 young (64512K), 2 survivors (2048K)
 Metaspace       used 65263K, capacity 66755K, committed 67056K, reserved 1107968K
  class space    used 8221K, capacity 8786K, committed 8908K, reserved 1048576K
}
Event: 8.061 GC heap after
{Heap after GC invocations=15 (full 0):
 garbage-first heap   total 189440K, used 51202K [0x0000000080000000, 0x0000000100000000)
  region size 1024K, 7 young (7168K), 7 survivors (7168K)
 Metaspace       used 65263K, capacity 66755K, committed 67056K, reserved 1107968K
  class space    used 8221K, capacity 8786K, committed 8908K, reserved 1048576K
}
Event: 9.046 GC heap before
{Heap before GC invocations=16 (full 0):
 garbage-first heap   total 189440K, used 115714K [0x0000000080000000, 0x0000000100000000)
  region size 1024K, 70 young (71680K), 7 survivors (7168K)
 Metaspace       used 69203K, capacity 70647K, committed 70768K, reserved 1110016K
  class space    used 8852K, capacity 9464K, committed 9548K, reserved 1048576K
}
Event: 9.054 GC heap after
{Heap after GC invocations=17 (full 0):
 garbage-first heap   total 189440K, used 55229K [0x0000000080000000, 0x0000000100000000)
  region size 1024K, 5 young (5120K), 5 survivors (5120K)
 Metaspace       used 69203K, capacity 70647K, committed 70768K, reserved 1110016K
  class space    used 8852K, capacity 9464K, committed 9548K, reserved 1048576K
}

Deoptimization events (20 events):
Event: 9.559 Thread 0x00000227c69ad000 DEOPT PACKING pc=0x00000227b5a8da3c sp=0x000000e5de2faa60
Event: 9.559 Thread 0x00000227c69ad000 DEOPT UNPACKING pc=0x00000227adc3662f sp=0x000000e5de2faa28 mode 2
Event: 9.566 Thread 0x00000227c69ad000 Uncommon trap: trap_request=0xffffff4d fr.pc=0x00000227b58fe6f4 relative=0x00000000000001b4
Event: 9.567 Thread 0x00000227c69ad000 Uncommon trap: reason=unstable_if action=reinterpret pc=0x00000227b58fe6f4 method=com.esotericsoftware.kryo.io.Input.require(I)I @ 65 c2
Event: 9.567 Thread 0x00000227c69ad000 DEOPT PACKING pc=0x00000227b58fe6f4 sp=0x000000e5de2f9110
Event: 9.567 Thread 0x00000227c69ad000 DEOPT UNPACKING pc=0x00000227adc3662f sp=0x000000e5de2f90c0 mode 2
Event: 9.644 Thread 0x00000227c69ad000 DEOPT PACKING pc=0x00000227aedebbfc sp=0x000000e5de2f9680
Event: 9.644 Thread 0x00000227c69ad000 DEOPT UNPACKING pc=0x00000227adc36dde sp=0x000000e5de2f8c20 mode 0
Event: 9.709 Thread 0x00000227c69ad000 Uncommon trap: trap_request=0xffffff4d fr.pc=0x00000227b590cb28 relative=0x00000000000000c8
Event: 9.709 Thread 0x00000227c69ad000 Uncommon trap: reason=unstable_if action=reinterpret pc=0x00000227b590cb28 method=java.io.WinNTFileSystem.normalize(Ljava/lang/String;)Ljava/lang/String; @ 74 c2
Event: 9.709 Thread 0x00000227c69ad000 DEOPT PACKING pc=0x00000227b590cb28 sp=0x000000e5de2f9940
Event: 9.709 Thread 0x00000227c69ad000 DEOPT UNPACKING pc=0x00000227adc3662f sp=0x000000e5de2f98b8 mode 2
Event: 9.709 Thread 0x00000227c69ad000 Uncommon trap: trap_request=0xffffff4d fr.pc=0x00000227b58ac1b4 relative=0x00000000000015f4
Event: 9.709 Thread 0x00000227c69ad000 Uncommon trap: reason=unstable_if action=reinterpret pc=0x00000227b58ac1b4 method=java.io.WinNTFileSystem.normalize(Ljava/lang/String;II)Ljava/lang/String; @ 100 c2
Event: 9.709 Thread 0x00000227c69ad000 DEOPT PACKING pc=0x00000227b58ac1b4 sp=0x000000e5de2f9810
Event: 9.709 Thread 0x00000227c69ad000 DEOPT UNPACKING pc=0x00000227adc3662f sp=0x000000e5de2f9818 mode 2
Event: 9.710 Thread 0x00000227c69ad000 Uncommon trap: trap_request=0xffffffde fr.pc=0x00000227b5a8da3c relative=0x0000000000002c1c
Event: 9.710 Thread 0x00000227c69ad000 Uncommon trap: reason=class_check action=maybe_recompile pc=0x00000227b5a8da3c method=java.util.TreeMap.put(Ljava/lang/Object;Ljava/lang/Object;)Ljava/lang/Object; @ 127 c2
Event: 9.710 Thread 0x00000227c69ad000 DEOPT PACKING pc=0x00000227b5a8da3c sp=0x000000e5de2fb1c0
Event: 9.710 Thread 0x00000227c69ad000 DEOPT UNPACKING pc=0x00000227adc3662f sp=0x000000e5de2fb170 mode 2

Classes redefined (0 events):
No events

Internal exceptions (20 events):
Event: 8.338 Thread 0x00000227c69ad000 Exception <a 'java/lang/ClassNotFoundException'{0x000000008980bb48}: build_5o5rva98i857k6ckp3b0s3n4i$_run_closure1Customizer> (0x000000008980bb48) thrown at [./src/hotspot/share/classfile/systemDictionary.cpp, line 231]
Event: 8.342 Thread 0x00000227c69ad000 Exception <a 'java/lang/ClassNotFoundException'{0x000000008986b330}: org/gradle/api/JavaVersionBeanInfo> (0x000000008986b330) thrown at [./src/hotspot/share/classfile/systemDictionary.cpp, line 231]
Event: 8.342 Thread 0x00000227c69ad000 Exception <a 'java/lang/ClassNotFoundException'{0x00000000898962e8}: org/gradle/api/JavaVersionCustomizer> (0x00000000898962e8) thrown at [./src/hotspot/share/classfile/systemDictionary.cpp, line 231]
Event: 8.345 Thread 0x00000227c69ad000 Exception <a 'java/lang/ClassNotFoundException'{0x00000000898fdb88}: com/android/build/gradle/internal/CompileOptions$AgpDecorated_DecoratedBeanInfo> (0x00000000898fdb88) thrown at [./src/hotspot/share/classfile/systemDictionary.cpp, line 231]
Event: 8.345 Thread 0x00000227c69ad000 Exception <a 'java/lang/ClassNotFoundException'{0x0000000089719270}: com/android/build/gradle/internal/CompileOptions$AgpDecoratedBeanInfo> (0x0000000089719270) thrown at [./src/hotspot/share/classfile/systemDictionary.cpp, line 231]
Event: 8.345 Thread 0x00000227c69ad000 Exception <a 'java/lang/ClassNotFoundException'{0x0000000089732628}: com/android/build/gradle/internal/CompileOptionsBeanInfo> (0x0000000089732628) thrown at [./src/hotspot/share/classfile/systemDictionary.cpp, line 231]
Event: 8.346 Thread 0x00000227c69ad000 Exception <a 'java/lang/ClassNotFoundException'{0x000000008974bd28}: com/android/build/gradle/internal/CompileOptionsCustomizer> (0x000000008974bd28) thrown at [./src/hotspot/share/classfile/systemDictionary.cpp, line 231]
Event: 8.346 Thread 0x00000227c69ad000 Exception <a 'java/lang/ClassNotFoundException'{0x0000000089773138}: com/android/build/gradle/internal/CompileOptions$AgpDecoratedCustomizer> (0x0000000089773138) thrown at [./src/hotspot/share/classfile/systemDictionary.cpp, line 231]
Event: 8.347 Thread 0x00000227c69ad000 Exception <a 'java/lang/ClassNotFoundException'{0x000000008979dfd0}: com/android/build/gradle/internal/CompileOptions$AgpDecorated_DecoratedCustomizer> (0x000000008979dfd0) thrown at [./src/hotspot/share/classfile/systemDictionary.cpp, line 231]
Event: 8.351 Thread 0x00000227c69ad000 Exception <a 'java/lang/ClassNotFoundException'{0x000000008965be58}: org/gradle/api/internal/artifacts/dsl/dependencies/DefaultDependencyHandler_DecoratedBeanInfo> (0x000000008965be58) thrown at [./src/hotspot/share/classfile/systemDictionary.cpp, line 231]
Event: 8.351 Thread 0x00000227c69ad000 Exception <a 'java/lang/ClassNotFoundException'{0x00000000896a47e8}: org/gradle/api/internal/artifacts/dsl/dependencies/DefaultDependencyHandlerBeanInfo> (0x00000000896a47e8) thrown at [./src/hotspot/share/classfile/systemDictionary.cpp, line 231]
Event: 8.352 Thread 0x00000227c69ad000 Exception <a 'java/lang/ClassNotFoundException'{0x00000000896ecb78}: org/gradle/api/internal/artifacts/dsl/dependencies/DefaultDependencyHandlerCustomizer> (0x00000000896ecb78) thrown at [./src/hotspot/share/classfile/systemDictionary.cpp, line 231]
Event: 8.353 Thread 0x00000227c69ad000 Exception <a 'java/lang/ClassNotFoundException'{0x000000008955e618}: org/gradle/api/internal/artifacts/dsl/dependencies/DefaultDependencyHandler_DecoratedCustomizer> (0x000000008955e618) thrown at [./src/hotspot/share/classfile/systemDictionary.cpp, line 231]
Event: 9.402 Thread 0x00000227c69ad000 Exception <a 'java/lang/ClassNotFoundException'{0x000000008a69ba28}: com/android/build/gradle/internal/api/ApkVariantOutputImpl_DecoratedBeanInfo> (0x000000008a69ba28) thrown at [./src/hotspot/share/classfile/systemDictionary.cpp, line 231]
Event: 9.403 Thread 0x00000227c69ad000 Exception <a 'java/lang/ClassNotFoundException'{0x000000008a6b6258}: com/android/build/gradle/internal/api/ApkVariantOutputImplBeanInfo> (0x000000008a6b6258) thrown at [./src/hotspot/share/classfile/systemDictionary.cpp, line 231]
Event: 9.403 Thread 0x00000227c69ad000 Exception <a 'java/lang/ClassNotFoundException'{0x000000008a6d12c8}: com/android/build/gradle/internal/api/BaseVariantOutputImplBeanInfo> (0x000000008a6d12c8) thrown at [./src/hotspot/share/classfile/systemDictionary.cpp, line 231]
Event: 9.404 Thread 0x00000227c69ad000 Exception <a 'java/lang/ClassNotFoundException'{0x000000008a6ec3a0}: com/android/build/gradle/internal/api/BaseVariantOutputImplCustomizer> (0x000000008a6ec3a0) thrown at [./src/hotspot/share/classfile/systemDictionary.cpp, line 231]
Event: 9.405 Thread 0x00000227c69ad000 Exception <a 'java/lang/ClassNotFoundException'{0x000000008a519fc0}: com/android/build/gradle/internal/api/ApkVariantOutputImplCustomizer> (0x000000008a519fc0) thrown at [./src/hotspot/share/classfile/systemDictionary.cpp, line 231]
Event: 9.405 Thread 0x00000227c69ad000 Exception <a 'java/lang/ClassNotFoundException'{0x000000008a543c58}: com/android/build/gradle/internal/api/ApkVariantOutputImpl_DecoratedCustomizer> (0x000000008a543c58) thrown at [./src/hotspot/share/classfile/systemDictionary.cpp, line 231]
Event: 9.492 Thread 0x00000227c69ad000 Exception <a 'java/lang/NoClassDefFoundError'{0x000000008a4b1388}: org/jetbrains/kotlin/gradle/plugin/KotlinBasePluginWrapper> (0x000000008a4b1388) thrown at [./src/hotspot/share/classfile/systemDictionary.cpp, line 220]

Events (20 events):
Event: 9.740 loading class com/android/ide/common/resources/AssetSet
Event: 9.740 loading class com/android/ide/common/resources/AssetSet done
Event: 9.743 loading class com/android/ide/common/resources/FileValidity$FileStatus
Event: 9.743 loading class com/android/ide/common/resources/FileValidity$FileStatus done
Event: 9.744 loading class org/gradle/api/internal/project/taskfactory/IncrementalTaskInputsTaskAction
Event: 9.744 loading class org/gradle/api/internal/project/taskfactory/IncrementalTaskInputsTaskAction done
Event: 9.745 loading class com/android/build/gradle/tasks/MergeSourceSetFolders$MergeAssetBaseCreationAction$configure$assetDirFunction$1
Event: 9.745 loading class com/android/build/gradle/tasks/MergeSourceSetFolders$MergeAssetBaseCreationAction$configure$assetDirFunction$1 done
Event: 9.746 loading class com/android/build/gradle/tasks/MergeSourceSetFolders$MergeAssetBaseCreationAction$configure$1
Event: 9.746 loading class com/android/build/gradle/tasks/MergeSourceSetFolders$MergeAssetBaseCreationAction$configure$1 done
Event: 9.746 loading class com/android/build/gradle/tasks/MergeSourceSetFolders$MergeAssetBaseCreationAction$configure$2
Event: 9.746 loading class com/android/build/gradle/tasks/MergeSourceSetFolders$MergeAssetBaseCreationAction$configure$2 done
Event: 9.746 loading class com/android/build/api/variant/impl/AndroidResourcesImplKt
Event: 9.746 loading class com/android/build/api/variant/impl/AndroidResourcesImplKt done
Event: 9.747 loading class com/android/build/api/variant/impl/AndroidResourcesImpl
Event: 9.747 loading class com/android/build/api/variant/impl/AndroidResourcesImpl done
Event: 9.747 loading class com/android/build/api/artifact/MultipleArtifact$MULTIDEX_KEEP_PROGUARD
Event: 9.747 loading class com/android/build/api/artifact/MultipleArtifact$MULTIDEX_KEEP_PROGUARD done
Event: 9.748 loading class com/android/build/gradle/internal/AndroidJarInput
Event: 9.748 loading class com/android/build/gradle/internal/AndroidJarInput done


Dynamic libraries:
0x00007ff78a8d0000 - 0x00007ff78a8da000 	C:\Program Files\Android\Android Studio\jre\bin\java.exe
0x00007ff93f490000 - 0x00007ff93f685000 	C:\WINDOWS\SYSTEM32\ntdll.dll
0x00007ff93d7d0000 - 0x00007ff93d88e000 	C:\WINDOWS\System32\KERNEL32.DLL
0x00007ff93ce30000 - 0x00007ff93d0f8000 	C:\WINDOWS\System32\KERNELBASE.dll
0x00007ff93d330000 - 0x00007ff93d430000 	C:\WINDOWS\System32\ucrtbase.dll
0x00007ff93a9f0000 - 0x00007ff93aa09000 	C:\Program Files\Android\Android Studio\jre\bin\jli.dll
0x00007ff93d4f0000 - 0x00007ff93d690000 	C:\WINDOWS\System32\USER32.dll
0x00007ff93d2b0000 - 0x00007ff93d2d2000 	C:\WINDOWS\System32\win32u.dll
0x00007ff93eca0000 - 0x00007ff93eccb000 	C:\WINDOWS\System32\GDI32.dll
0x00007ff93d100000 - 0x00007ff93d20b000 	C:\WINDOWS\System32\gdi32full.dll
0x00007ff93d210000 - 0x00007ff93d2ad000 	C:\WINDOWS\System32\msvcp_win.dll
0x00007ff92a8a0000 - 0x00007ff92ab3a000 	C:\WINDOWS\WinSxS\amd64_microsoft.windows.common-controls_6595b64144ccf1df_6.0.19041.1110_none_60b5254171f9507e\COMCTL32.dll
0x00007ff93a9c0000 - 0x00007ff93a9d7000 	C:\Program Files\Android\Android Studio\jre\bin\VCRUNTIME140.dll
0x00007ff93f150000 - 0x00007ff93f1ee000 	C:\WINDOWS\System32\msvcrt.dll
0x00007ff93ecd0000 - 0x00007ff93ed00000 	C:\WINDOWS\System32\IMM32.DLL
0x00007ff9312c0000 - 0x00007ff93135d000 	C:\Program Files\Android\Android Studio\jre\bin\msvcp140.dll
0x00007ff8fdab0000 - 0x00007ff8fe585000 	C:\Program Files\Android\Android Studio\jre\bin\server\jvm.dll
0x00007ff93f340000 - 0x00007ff93f3ee000 	C:\WINDOWS\System32\ADVAPI32.dll
0x00007ff93eb40000 - 0x00007ff93ebdc000 	C:\WINDOWS\System32\sechost.dll
0x00007ff93efc0000 - 0x00007ff93f0e5000 	C:\WINDOWS\System32\RPCRT4.dll
0x00007ff93e070000 - 0x00007ff93e078000 	C:\WINDOWS\System32\PSAPI.DLL
0x00007ff938290000 - 0x00007ff938299000 	C:\WINDOWS\SYSTEM32\WSOCK32.dll
0x00007ff92fff0000 - 0x00007ff930017000 	C:\WINDOWS\SYSTEM32\WINMM.dll
0x00007ff93a9b0000 - 0x00007ff93a9ba000 	C:\WINDOWS\SYSTEM32\VERSION.dll
0x00007ff93f1f0000 - 0x00007ff93f25b000 	C:\WINDOWS\System32\WS2_32.dll
0x00007ff93b4a0000 - 0x00007ff93b4b2000 	C:\WINDOWS\SYSTEM32\kernel.appcore.dll
0x00007ff934c80000 - 0x00007ff934c91000 	C:\Program Files\Android\Android Studio\jre\bin\verify.dll
0x00007ff928990000 - 0x00007ff928b74000 	C:\WINDOWS\SYSTEM32\DBGHELP.DLL
0x00007ff927970000 - 0x00007ff92799c000 	C:\WINDOWS\SYSTEM32\dbgcore.DLL
0x00007ff93d430000 - 0x00007ff93d4b2000 	C:\WINDOWS\System32\bcryptPrimitives.dll
0x00007ff9346e0000 - 0x00007ff934709000 	C:\Program Files\Android\Android Studio\jre\bin\java.dll
0x00007ff938280000 - 0x00007ff93828b000 	C:\Program Files\Android\Android Studio\jre\bin\jimage.dll
0x00007ff9314a0000 - 0x00007ff9314b8000 	C:\Program Files\Android\Android Studio\jre\bin\zip.dll
0x00007ff93d890000 - 0x00007ff93dfd4000 	C:\WINDOWS\System32\SHELL32.dll
0x00007ff93aca0000 - 0x00007ff93b434000 	C:\WINDOWS\SYSTEM32\windows.storage.dll
0x00007ff93e0a0000 - 0x00007ff93e3f4000 	C:\WINDOWS\System32\combase.dll
0x00007ff93c540000 - 0x00007ff93c56c000 	C:\WINDOWS\SYSTEM32\Wldp.dll
0x00007ff93ef10000 - 0x00007ff93efbd000 	C:\WINDOWS\System32\SHCORE.dll
0x00007ff93eeb0000 - 0x00007ff93ef05000 	C:\WINDOWS\System32\shlwapi.dll
0x00007ff93caf0000 - 0x00007ff93cb0f000 	C:\WINDOWS\SYSTEM32\profapi.dll
0x00007ff931480000 - 0x00007ff93149a000 	C:\Program Files\Android\Android Studio\jre\bin\net.dll
0x00007ff92fb50000 - 0x00007ff92fc59000 	C:\WINDOWS\SYSTEM32\WINHTTP.dll
0x00007ff93c2a0000 - 0x00007ff93c30a000 	C:\WINDOWS\system32\mswsock.dll
0x00007ff931400000 - 0x00007ff931414000 	C:\Program Files\Android\Android Studio\jre\bin\nio.dll
0x00007ff931430000 - 0x00007ff931457000 	C:\Users\Vik\.gradle\native\e1d6ef7f7dcc3fd88c89a11ec53ec762bb8ba0a96d01ffa2cd45eb1d1d8dd5c5\windows-amd64\native-platform.dll
0x00007ff91e6c0000 - 0x00007ff91e804000 	C:\Users\Vik\.gradle\native\5664cfc778a61ccfe75a443a1ab52a65af34e5dc3c78e0209fed803814484fcb\windows-amd64\native-platform-file-events.dll
0x00007ff9380b0000 - 0x00007ff9380ba000 	C:\Program Files\Android\Android Studio\jre\bin\management.dll
0x00007ff936730000 - 0x00007ff93673d000 	C:\Program Files\Android\Android Studio\jre\bin\management_ext.dll
0x00007ff93c4a0000 - 0x00007ff93c4b8000 	C:\WINDOWS\SYSTEM32\CRYPTSP.dll
0x00007ff93bc20000 - 0x00007ff93bc54000 	C:\WINDOWS\system32\rsaenh.dll
0x00007ff93d4c0000 - 0x00007ff93d4e7000 	C:\WINDOWS\System32\bcrypt.dll
0x00007ff93cab0000 - 0x00007ff93cade000 	C:\WINDOWS\SYSTEM32\USERENV.dll
0x00007ff93c490000 - 0x00007ff93c49c000 	C:\WINDOWS\SYSTEM32\CRYPTBASE.dll
0x00007ff93bf90000 - 0x00007ff93bfcb000 	C:\WINDOWS\SYSTEM32\IPHLPAPI.DLL
0x00007ff93ebe0000 - 0x00007ff93ebe8000 	C:\WINDOWS\System32\NSI.dll
0x00007ff936950000 - 0x00007ff936967000 	C:\WINDOWS\SYSTEM32\dhcpcsvc6.DLL
0x00007ff936cf0000 - 0x00007ff936d0d000 	C:\WINDOWS\SYSTEM32\dhcpcsvc.DLL
0x00007ff93bfd0000 - 0x00007ff93c09a000 	C:\WINDOWS\SYSTEM32\DNSAPI.dll

dbghelp: loaded successfully - version: 4.0.5 - missing functions: none
symbol engine: initialized successfully - sym options: 0x614 - pdb path: .;C:\Program Files\Android\Android Studio\jre\bin;C:\WINDOWS\SYSTEM32;C:\WINDOWS\WinSxS\amd64_microsoft.windows.common-controls_6595b64144ccf1df_6.0.19041.1110_none_60b5254171f9507e;C:\Program Files\Android\Android Studio\jre\bin\server;C:\Users\Vik\.gradle\native\e1d6ef7f7dcc3fd88c89a11ec53ec762bb8ba0a96d01ffa2cd45eb1d1d8dd5c5\windows-amd64;C:\Users\Vik\.gradle\native\5664cfc778a61ccfe75a443a1ab52a65af34e5dc3c78e0209fed803814484fcb\windows-amd64

VM Arguments:
jvm_args: --add-opens=java.base/java.util=ALL-UNNAMED --add-opens=java.base/java.lang=ALL-UNNAMED --add-opens=java.base/java.lang.invoke=ALL-UNNAMED --add-opens=java.base/java.util=ALL-UNNAMED --add-opens=java.prefs/java.util.prefs=ALL-UNNAMED --add-opens=java.prefs/java.util.prefs=ALL-UNNAMED --add-opens=java.base/java.nio.charset=ALL-UNNAMED --add-opens=java.base/java.net=ALL-UNNAMED --add-opens=java.base/java.util.concurrent.atomic=ALL-UNNAMED -Xmx2048m -Dfile.encoding=UTF-8 -Duser.country=RU -Duser.language=ru -Duser.variant 
java_command: org.gradle.launcher.daemon.bootstrap.GradleDaemon 7.2
java_class_path (initial): C:\Users\Vik\.gradle\wrapper\dists\gradle-7.2-bin\2dnblmf4td7x66yl1d74lt32g\gradle-7.2\lib\gradle-launcher-7.2.jar
Launcher Type: SUN_STANDARD

[Global flags]
     intx CICompilerCount                          = 3                                         {product} {ergonomic}
     uint ConcGCThreads                            = 1                                         {product} {ergonomic}
     uint G1ConcRefinementThreads                  = 4                                         {product} {ergonomic}
   size_t G1HeapRegionSize                         = 1048576                                   {product} {ergonomic}
    uintx GCDrainStackTargetSize                   = 64                                        {product} {ergonomic}
   size_t InitialHeapSize                          = 134217728                                 {product} {ergonomic}
   size_t MarkStackSize                            = 4194304                                   {product} {ergonomic}
   size_t MaxHeapSize                              = 2147483648                                {product} {command line}
   size_t MaxNewSize                               = 1287651328                                {product} {ergonomic}
   size_t MinHeapDeltaBytes                        = 1048576                                   {product} {ergonomic}
    uintx NonNMethodCodeHeapSize                   = 5830732                                {pd product} {ergonomic}
    uintx NonProfiledCodeHeapSize                  = 122913754                              {pd product} {ergonomic}
    uintx ProfiledCodeHeapSize                     = 122913754                              {pd product} {ergonomic}
    uintx ReservedCodeCacheSize                    = 251658240                              {pd product} {ergonomic}
     bool SegmentedCodeCache                       = true                                      {product} {ergonomic}
     bool UseCompressedClassPointers               = true                                 {lp64_product} {ergonomic}
     bool UseCompressedOops                        = true                                 {lp64_product} {ergonomic}
     bool UseG1GC                                  = true                                      {product} {ergonomic}
     bool UseLargePagesIndividualAllocation        = false                                  {pd product} {ergonomic}

Logging:
Log output configuration:
 #0: stdout all=warning uptime,level,tags
 #1: stderr all=off uptime,level,tags

Environment Variables:
JAVA_HOME=c:\Program Files\Java\jdk-16.0.2
PATH=C:\Program Files\Common Files\Oracle\Java\javapath;C:\Program Files (x86)\Common Files\Oracle\Java\javapath;C:\ProgramData\Oracle\Java\javapath;C:\Windows\system32;C:\Windows;C:\Windows\System32\Wbem;C:\Windows\System32\WindowsPowerShell\v1.0\;C:\Program Files (x86)\NVIDIA Corporation\PhysX\Common;C:\Program Files\Java\jdk-16.0.2\bin\;C:\WINDOWS\system32;C:\WINDOWS;C:\WINDOWS\System32\Wbem;C:\WINDOWS\System32\WindowsPowerShell\v1.0\;C:\WINDOWS\System32\OpenSSH\;C:\Program Files\dotnet\;C:\Program Files\Git\cmd;C:\Users\Vik\AppData\Local\Microsoft\WindowsApps;C:\Program Files\JetBrains\IntelliJ IDEA Community Edition 2021.3\bin;C:\Users\Vik\AppData\Local\GitHubDesktop\bin;C:\Users\Vik\AppData\Local\gitkraken\bin
USERNAME=Vik
OS=Windows_NT
PROCESSOR_IDENTIFIER=Intel64 Family 6 Model 60 Stepping 3, GenuineIntel



---------------  S Y S T E M  ---------------

OS: Windows 10 , 64 bit Build 19041 (10.0.19041.1566)
OS uptime: 0 days 22:30 hours

CPU:total 4 (initial active 4) (4 cores per cpu, 1 threads per core) family 6 model 60 stepping 3 microcode 0x27, cmov, cx8, fxsr, mmx, sse, sse2, sse3, ssse3, sse4.1, sse4.2, popcnt, avx, avx2, aes, clmul, erms, lzcnt, tsc, tscinvbit, bmi1, bmi2, fma

Memory: 4k page, system-wide physical 8128M (401M free)
TotalPageFile size 10528M (AvailPageFile size 4M)
current process WorkingSet (physical memory assigned to process): 401M, peak: 405M
current process commit charge ("private bytes"): 447M, peak: 452M

vm_info: OpenJDK 64-Bit Server VM (11.0.11+9-b60-7590822) for windows-amd64 JRE (11.0.11+9-b60-7590822), built on Jul 29 2021 21:43:44 by "builder" with MS VC++ 14.0 (VS2015)

END.
